Build Completed at: Sat Sep  2 03:48:51 2023
Build Completed at: Sun Sep  3 01:46:52 2023
Build Completed at: Mon Sep  4 01:26:26 2023
Build Completed at: Mon Sep  4 01:43:27 2023
Build Completed at: Mon Sep  4 01:43:34 2023
Build Completed at: Mon Sep  4 01:44:06 2023
Build Completed at: Mon Sep  4 01:45:58 2023
Build Started at: Tue Sep  5 02:26:03 2023
Build Started at: Tue Sep  5 02:29:34 2023
Build Completed at: Tue Sep  5 02:31:33 2023
Build Started at: Tue Sep  5 02:33:54 2023
Build Completed at: Tue Sep  5 02:35:16 2023
Build Started at: Wed Sep  6 01:13:06 2023
Build Completed at: Wed Sep  6 01:13:06 2023
Build Started at: Wed Sep  6 01:15:14 2023
Build Completed at: Wed Sep  6 01:18:41 2023
Build Started at: Wed Sep  6 01:25:30 2023
Build Completed at: Wed Sep  6 01:25:34 2023
Build Started at: Thu Sep  7 02:59:19 2023
Build Completed at: Thu Sep  7 03:00:43 2023
Build Started at: Thu Sep  7 06:50:55 2023
Build Completed at: Thu Sep  7 06:52:33 2023
Build Started at: Fri Sep  8 16:31:54 2023
Build Completed at: Fri Sep  8 16:41:06 2023
Build Started at: Fri Sep  8 16:51:51 2023
Build Completed at: Fri Sep  8 17:01:32 2023
Build Started at: Fri Sep  8 18:19:41 2023
Build Completed at: Fri Sep  8 18:22:02 2023
Build Started at: Sat Sep  9 02:46:19 2023
Build Completed at: Sat Sep  9 02:46:21 2023
Build Started at: Sat Sep  9 02:48:30 2023
Build Completed at: Sat Sep  9 02:48:32 2023
Build Started at: Sat Sep  9 02:49:11 2023
Build Completed at: Sat Sep  9 02:49:14 2023
Build Started at: Sat Sep  9 02:52:08 2023
Build Completed at: Sat Sep  9 02:53:48 2023
Build Started at: Sun Sep 10 02:36:06 2023
Build Completed at: Sun Sep 10 02:37:37 2023
Build Started at: Mon Sep 11 00:43:00 2023
Build Completed at: Mon Sep 11 00:45:43 2023
Build Started at: Tue Sep 12 01:26:58 2023
Build Completed at: Tue Sep 12 01:30:34 2023
Build Started at: Wed Sep 13 01:00:07 2023
Build Completed at: Wed Sep 13 01:05:20 2023
Build Started at: Thu Sep 14 01:04:09 2023
Build Completed at: Thu Sep 14 01:07:10 2023
Build Started at: Fri Sep 15 01:20:51 2023
Build Completed at: Fri Sep 15 01:24:13 2023
Build Started at: Sat Sep 16 01:30:14 2023
Build Completed at: Sat Sep 16 01:32:53 2023
Build Started at: Sun Sep 17 02:39:53 2023
Build Completed at: Sun Sep 17 02:41:29 2023
Build Started at: Sun Sep 17 06:59:22 2023
Build Completed at: Sun Sep 17 07:02:53 2023
Build Started at: Mon Sep 18 01:56:41 2023
Build Completed at: Mon Sep 18 02:00:19 2023
Build Started at: Tue Sep 19 00:05:42 2023
Build Completed at: Tue Sep 19 00:08:50 2023
Build Started at: Wed Sep 20 15:19:36 2023
Build Completed at: Wed Sep 20 15:22:05 2023
Build Started at: Thu Sep 21 00:05:08 2023
Build Completed at: Thu Sep 21 00:09:51 2023
Build Started at: Fri Sep 22 01:17:26 2023
Build Completed at: Fri Sep 22 01:21:45 2023
Build Started at: Sat Sep 23 01:05:18 2023
Build Completed at: Sat Sep 23 01:09:58 2023
Build Started at: Sun Sep 24 03:23:58 2023
Build Completed at: Sun Sep 24 03:23:59 2023
Build Started at: Sun Sep 24 03:27:44 2023
Build Completed at: Sun Sep 24 03:31:26 2023
Build Started at: Sun Sep 24 05:31:09 2023
Build Completed at: Sun Sep 24 05:31:09 2023
Build Started at: Sun Sep 24 05:37:55 2023
Build Completed at: Sun Sep 24 05:37:55 2023
Build Started at: Sun Sep 24 05:38:27 2023
Build Completed at: Sun Sep 24 05:38:27 2023
Build Started at: Sun Sep 24 05:39:16 2023
Build Completed at: Sun Sep 24 05:39:17 2023
Build Started at: Sun Sep 24 05:39:40 2023
Build Completed at: Sun Sep 24 05:39:41 2023
Build Started at: Sun Sep 24 05:47:30 2023
Build Completed at: Sun Sep 24 05:56:10 2023
Build Started at: Tue Sep 26 01:54:21 2023
Build Completed at: Tue Sep 26 01:55:04 2023
Build Started at: Tue Sep 26 02:12:11 2023
Build Completed at: Tue Sep 26 02:19:00 2023
Build Started at: Wed Sep 27 00:17:49 2023
Build Completed at: Wed Sep 27 00:24:11 2023
Build Started at: Thu Sep 28 01:42:26 2023
Build Completed at: Thu Sep 28 01:48:36 2023
Build Started at: Thu Sep 28 01:56:39 2023
Build Completed at: Thu Sep 28 02:02:37 2023
Build Started at: Thu Sep 28 17:11:30 2023
Build Completed at: Thu Sep 28 17:11:48 2023
Build Started at: Thu Sep 28 17:11:58 2023
Build Completed at: Thu Sep 28 17:17:56 2023
Build Started at: Fri Sep 29 02:42:13 2023
Build Completed at: Fri Sep 29 02:42:27 2023
Build Started at: Fri Sep 29 02:44:01 2023
Build Completed at: Fri Sep 29 02:48:24 2023
Build Started at: Fri Sep 29 03:51:14 2023
Build Completed at: Fri Sep 29 03:51:21 2023
Build Started at: Fri Sep 29 03:51:23 2023
Build Completed at: Fri Sep 29 03:54:47 2023
Build Started at: Sat Sep 30 01:31:37 2023
Build Completed at: Sat Sep 30 01:41:00 2023
Build Started at: Sat Sep 30 01:52:01 2023
Build Completed at: Sat Sep 30 02:01:56 2023
Build Started at: Sat Sep 30 02:14:11 2023
Build Completed at: Sat Sep 30 02:24:07 2023
Build Started at: Sat Sep 30 15:39:06 2023
Build Completed at: Sat Sep 30 15:39:08 2023
Build Started at: Sat Sep 30 15:40:42 2023
Build Completed at: Sat Sep 30 15:40:55 2023
